{
  "timestamp": "2023-12-31 15:26:54.096599",
  "device_info": {
    "serial_number": "ACoARVkxUAEgMjNI",
    "model": "0",
    "git_hash": "5f63dbe682ee7eb94f69f703b8c9496ba8367099",
    "git_dirty": true,
    "git_timestamp": 1704036064,
    "uuid": "00000000-0000-0000-0000-000000000000"
  },
  "calibration": {
    "invert": false,
    "phase_invert": false,
    "poles": 28,
    "offset": [
      0.39384317197733154,
      0.3907074375639405,
      0.40172143175791264,
      0.41370345773429357,
      0.37812660755069966,
      0.380090313323689,
      0.39925668423057614,
      0.38146582895762604,
      0.37332619437101444,
      0.3628054633442977,
      0.3304777596170573,
      0.3712957095437161,
      0.3448954405813245,
      0.29863563013588007,
      0.32682402563244967,
      0.31768952110037896,
      0.30993038987206695,
      0.31344245638069607,
      0.2716065310143586,
      0.28227399899494376,
      0.31359940644341777,
      0.2889518847332675,
      0.2962304898263778,
      0.29286432527056255,
      0.287514635437397,
      0.3268655301432454,
      0.32674372872333335,
      0.3093003959449623,
      0.3333672617163258,
      0.34962916042264075,
      0.3438790691986037,
      0.3491245473586418,
      0.36223263164481,
      0.3621131861003935,
      0.38260983596444537,
      0.3997941770041979,
      0.3655981153670981,
      0.3741988964194704,
      0.40303659257489133,
      0.39056709540251466,
      0.38910444477905487,
      0.38403779718640496,
      0.3616485806981733,
      0.40300752122199157,
      0.3786080071528575,
      0.334577002912657,
      0.36473047561552774,
      0.3589631584053247,
      0.35214766804739694,
      0.3609538522085424,
      0.3237612934084195,
      0.3363312733312317,
      0.37041011851718836,
      0.3485727809072819,
      0.35321810794839614,
      0.35730289755037314,
      0.3505735808338333,
      0.36991520489967084,
      0.36771180754010047,
      0.3482429066312681,
      0.3712261540213679,
      0.3877733225179643,
      0.3814052063434886,
      0.3804527594929307
    ]
  },
  "winding_resistance": 0.010742300738007143,
  "inductance": 0.0001468264629315088,
  "pid_dq_kp": 0.05,
  "pid_dq_ki": 3.6581623378812114,
  "torque_bw_hz": 54.19831681368553,
  "encoder_filter_bw_hz": 108.39663362737106,
  "encoder_filter_kp": 1362.152271510453,
  "encoder_filter_ki": 463864.70269527164,
  "v_per_hz": 0.3010951925231207,
  "kv": 99.63626369655948,
  "unwrapped_position_scale": 1.0
}
