{
  "timestamp": "2023-12-31 15:50:43.630185",
  "device_info": {
    "serial_number": "ACoARVkxUAEgMjNI",
    "model": "0",
    "git_hash": "5f63dbe682ee7eb94f69f703b8c9496ba8367099",
    "git_dirty": true,
    "git_timestamp": 1704036064,
    "uuid": "00000000-0000-0000-0000-000000000000"
  },
  "calibration": {
    "invert": false,
    "phase_invert": false,
    "poles": 28,
    "offset": [
      0.39108334875399287,
      0.3864502360761085,
      0.40524257339922115,
      0.4191731615239298,
      0.3775267268302946,
      0.37931986321391503,
      0.39850045497148107,
      0.38202146762651207,
      0.3711368849057607,
      0.36484146311995724,
      0.3368342787836998,
      0.3751452625658466,
      0.3484365727638258,
      0.30515207538922023,
      0.32563245959097625,
      0.31681261071746203,
      0.3142800119098932,
      0.3176579848066258,
      0.26963282844531844,
      0.278350506337519,
      0.3143126996358909,
      0.29796546590772044,
      0.298126156027782,
      0.2938259178146926,
      0.288330942301465,
      0.31775033375786715,
      0.31762738160205733,
      0.3059872430825578,
      0.3337271266694561,
      0.3482647699140874,
      0.345148636174194,
      0.34883608648633746,
      0.3578164941994162,
      0.357527383202965,
      0.38396953004034007,
      0.40218127988609526,
      0.36805159468198134,
      0.3760452568942744,
      0.40195667157055803,
      0.3874990277665849,
      0.3863734178313123,
      0.378816178552906,
      0.35629199941239015,
      0.3992066678971424,
      0.38013575689299783,
      0.33562219296866097,
      0.3677170914256176,
      0.3625615277233229,
      0.3539526598710338,
      0.3695720368301265,
      0.32403382194575,
      0.3318843439334502,
      0.3723597231509287,
      0.3564947216132264,
      0.35577409740030785,
      0.359285868897005,
      0.3534489105958232,
      0.3746007102959424,
      0.3712976805482148,
      0.35022218484212775,
      0.3702328185214996,
      0.38584291532200704,
      0.3833927001420609,
      0.3812235328320167
    ]
  },
  "winding_resistance": 0.010915964821671943,
  "inductance": 6.381306912505394e-06,
  "pid_dq_kp": 0.004009493383325742,
  "pid_dq_ki": 6.858702978121839,
  "torque_bw_hz": 100.0,
  "encoder_filter_bw_hz": 10.0,
  "encoder_filter_kp": 125.66370614359172,
  "encoder_filter_ki": 3947.8417604357433,
  "v_per_hz": 0.2948799927397479,
  "kv": 101.73630201651926,
  "unwrapped_position_scale": 1.0
}
