{
  "timestamp": "2024-01-02 17:40:55.878783",
  "device_info": {
    "serial_number": "ACoARVkxUAEgMjNI",
    "model": "0",
    "git_hash": "5f63dbe682ee7eb94f69f703b8c9496ba8367099",
    "git_dirty": true,
    "git_timestamp": 1704216765,
    "uuid": "00000000-0000-0000-0000-000000000000"
  },
  "calibration": {
    "invert": false,
    "phase_invert": false,
    "poles": 28,
    "offset": [
      -1.6752213282066009,
      -1.6903201705041877,
      -1.7052235669391382,
      -1.6826128900053225,
      -1.696045248623067,
      -1.6870461787220365,
      -1.687450954515342,
      -1.724682139787057,
      -1.728018547729562,
      -1.7072617660631926,
      -1.742051640509943,
      -1.7335335656071083,
      -1.7627039039807089,
      -1.7796538603214347,
      -1.74169433577894,
      -1.7624717553771012,
      -1.7940090734314806,
      -1.778611980677625,
      -1.7980156767678626,
      -1.7971065736718987,
      -1.7865485370771192,
      -1.8158803813898485,
      -1.800392883905878,
      -1.7802177044420082,
      -1.7885333569978494,
      -1.782511663640259,
      -1.7735058490909656,
      -1.769779527912572,
      -1.7438623595073028,
      -1.7494220638465574,
      -1.7615953530496895,
      -1.7439767655326461,
      -1.7124192122777124,
      -1.7223307512558792,
      -1.7283150340062314,
      -1.7027325900850854,
      -1.710597634200643,
      -1.69579765658061,
      -1.6883270158994346,
      -1.720893785239116,
      -1.714247682993256,
      -1.6941004370123993,
      -1.7235818383766481,
      -1.7063627829132288,
      -1.7274494070077546,
      -1.746176541196077,
      -1.7063189474248528,
      -1.7230297996077786,
      -1.7566335261955996,
      -1.7350030754381625,
      -1.7464271213142202,
      -1.739476213904795,
      -1.7274649144446916,
      -1.7596189957255624,
      -1.742871459087182,
      -1.722294588946783,
      -1.7354854743561343,
      -1.7386850338013007,
      -1.7300523655668587,
      -1.7279563492052878,
      -1.7017456013520873,
      -1.7127616538963497,
      -1.7256231671627074,
      -1.7073899373504828
    ]
  },
  "winding_resistance": 0.01087669035031391,
  "inductance": 7.47744154941132e-06,
  "pid_dq_kp": 0.004698215087855537,
  "pid_dq_ki": 6.834026099983435,
  "torque_bw_hz": 100.0,
  "encoder_filter_bw_hz": 100.0,
  "encoder_filter_kp": 1256.6370614359173,
  "encoder_filter_ki": 394784.17604357435,
  "v_per_hz": 0.2950349790170366,
  "kv": 101.68285841885775,
  "unwrapped_position_scale": 1.0,
  "motor_position_output_sign": 1.0
}
