{
  "timestamp": "2023-12-31 16:02:48.184202",
  "device_info": {
    "serial_number": "ACoARVkxUAEgMjNI",
    "model": "0",
    "git_hash": "5f63dbe682ee7eb94f69f703b8c9496ba8367099",
    "git_dirty": true,
    "git_timestamp": 1704036064,
    "uuid": "00000000-0000-0000-0000-000000000000"
  },
  "calibration": {
    "invert": false,
    "phase_invert": false,
    "poles": 28,
    "offset": [
      0.3950331334192734,
      0.3898748840164461,
      0.40338998929858716,
      0.417939343218692,
      0.37528745860685997,
      0.3774702784380829,
      0.3990328694563445,
      0.3809403648841926,
      0.36956188115080324,
      0.36139281727565425,
      0.3323303366400281,
      0.3642807802954351,
      0.3399642812966698,
      0.30147840165601925,
      0.33145928562764754,
      0.322680635830907,
      0.3133831106862107,
      0.31974534279242983,
      0.27376117603258804,
      0.2791865077060034,
      0.3149756787686914,
      0.2936592892797014,
      0.2975856182351245,
      0.31062186617227006,
      0.3062043321282054,
      0.31774031176753265,
      0.3174720267184127,
      0.3028401480525935,
      0.32882591417293494,
      0.33899238581485935,
      0.3347617168344347,
      0.3446458535243284,
      0.3583655117126796,
      0.3598280290102234,
      0.38388871174960487,
      0.4011110985340133,
      0.3658482000141789,
      0.37257933916984337,
      0.39902001507098817,
      0.3851008378433826,
      0.383046011943623,
      0.37747227964179936,
      0.3539205426553839,
      0.392128149127473,
      0.37272165709425764,
      0.3362606063831924,
      0.36923484254879047,
      0.3611649113132206,
      0.350075403845004,
      0.36006401154023904,
      0.3255240168327184,
      0.3383261599607732,
      0.38067235609206646,
      0.35163381497339513,
      0.3484379904029713,
      0.3578313220332159,
      0.3538789534117263,
      0.38278432789994016,
      0.37484369975561155,
      0.3462355157711608,
      0.3677490866026802,
      0.38645009506859895,
      0.3807197406452546,
      0.3815276142773849
    ]
  },
  "winding_resistance": 0.010565132743726894,
  "inductance": 6.174302421800331e-06,
  "pid_dq_kp": 0.0038794286258739177,
  "pid_dq_ki": 6.638268682378677,
  "torque_bw_hz": 100.0,
  "encoder_filter_bw_hz": 10.0,
  "encoder_filter_kp": 125.66370614359172,
  "encoder_filter_ki": 3947.8417604357433,
  "v_per_hz": 0.2986584559160461,
  "kv": 100.44919005552316,
  "unwrapped_position_scale": 1.0
}
