{
  "timestamp": "2024-01-03 10:48:17.313049",
  "device_info": {
    "serial_number": "AD0AUUhOUA4gNDNW",
    "model": "0",
    "git_hash": "5f63dbe682ee7eb94f69f703b8c9496ba8367099",
    "git_dirty": true,
    "git_timestamp": 1704278611,
    "uuid": "00000000-0000-0000-0000-000000000000"
  },
  "calibration": {
    "invert": false,
    "phase_invert": true,
    "poles": 14,
    "offset": [
      2.4060847874318623,
      2.398099111906318,
      2.3950805186350657,
      2.4060754638732584,
      2.397052706472894,
      2.3904277986482008,
      2.3972078545553472,
      2.396522109263311,
      2.387086425644464,
      2.3883096239850428,
      2.3848270463799484,
      2.380972218365305,
      2.3845118751621963,
      2.3881557789948737,
      2.39000456261963,
      2.394761653296125,
      2.3995277056161166,
      2.3964098515903127,
      2.4127747067105596,
      2.420382151812356,
      2.409928161700362,
      2.4203203546161074,
      2.4269030352999805,
      2.42661401643611,
      2.4328813531124136,
      2.435887248925508,
      2.4306401043225927,
      2.4380877743830354,
      2.4381704147160734,
      2.4292637358560207,
      2.432258767702591,
      2.424407830467925,
      2.4116655750906943,
      2.406060470338658,
      2.4110891420755736,
      2.3995570952725274,
      2.3909740452881407,
      2.391108002334746,
      2.380682883686086,
      2.380164622255919,
      2.3802016758269247,
      2.3674839281368785,
      2.3637648141502794,
      2.3714902770700044,
      2.360717299840282,
      2.3642418130826224,
      2.378440179346765,
      2.3720995096818984,
      2.3759974016680685,
      2.3852353228445584,
      2.3898623107524926,
      2.393180695424837,
      2.3964949906064414,
      2.394379927816834,
      2.3985575112679527,
      2.4118583002440155,
      2.4102991663149593,
      2.408300984845018,
      2.416419833642556,
      2.416551143775908,
      2.410753989696867,
      2.4200899774545697,
      2.415278115314026,
      2.4004660355856418
    ]
  },
  "winding_resistance": 0.046889692746583445,
  "inductance": 2.710924725781437e-05,
  "pid_dq_kp": 0.017033242405899773,
  "pid_dq_ki": 29.461662852349832,
  "torque_bw_hz": 100.0,
  "encoder_filter_bw_hz": 100.0,
  "encoder_filter_kp": 1256.6370614359173,
  "encoder_filter_ki": 394784.17604357435,
  "v_per_hz": 0.12118542061821605,
  "kv": 247.5545312873266,
  "unwrapped_position_scale": 1.0,
  "motor_position_output_sign": 1.0
}
