{
  "timestamp": "2024-01-02 17:47:53.206251",
  "device_info": {
    "serial_number": "ACoARVkxUAEgMjNI",
    "model": "0",
    "git_hash": "5f63dbe682ee7eb94f69f703b8c9496ba8367099",
    "git_dirty": true,
    "git_timestamp": 1704216765,
    "uuid": "00000000-0000-0000-0000-000000000000"
  },
  "calibration": {
    "invert": false,
    "phase_invert": false,
    "poles": 28,
    "offset": [
      -1.713801315501391,
      -1.7125029431631218,
      -1.7586881001633583,
      -1.7646215511962942,
      -1.7316450786739286,
      -1.6604967561902724,
      -1.6960677266177773,
      -1.7789548636362784,
      -1.8090607082347145,
      -1.7399850694991492,
      -1.7412651344911965,
      -1.7719233110646984,
      -1.8373016172172574,
      -1.8306895001437633,
      -1.7847684257498306,
      -1.7982017348548445,
      -1.849657815075064,
      -1.8668878512258484,
      -1.8297977822495568,
      -1.8166669009342151,
      -1.8622094747222018,
      -1.8893081477429885,
      -1.8424320946782011,
      -1.788016157360868,
      -1.8209692660871333,
      -1.893451462461831,
      -1.9054441748522373,
      -1.76763692065363,
      -1.6148966320836036,
      -1.7092553561648143,
      -1.852856965992981,
      -1.8349311784841789,
      -1.7534815914225699,
      -1.7351150079402595,
      -1.7907499930564887,
      -1.796585973984868,
      -1.7526825109608701,
      -1.6884921173465197,
      -1.7174701974567221,
      -1.7881706213385185,
      -1.7982105566157558,
      -1.7084094936641998,
      -1.6822258564208867,
      -1.719433283821588,
      -1.8028455160089076,
      -1.8080181924378864,
      -1.7597819724395412,
      -1.7700889704976266,
      -1.8242385970890629,
      -1.8230312490448874,
      -1.778377397327393,
      -1.7660886152906963,
      -1.8041656200228933,
      -1.8326522628527078,
      -1.7854509777968752,
      -1.7267905253898201,
      -1.741098293019727,
      -1.80790282978136,
      -1.845471286834707,
      -1.7010518254248057,
      -1.5007646529617038,
      -1.589377058744489,
      -1.7792076531465966,
      -1.7934484861081068
    ]
  },
  "winding_resistance": 0.017558772702592856,
  "inductance": 1.0853229617435266e-05,
  "pid_dq_kp": 0.006819285286771558,
  "pid_dq_ki": 11.032502265703743,
  "torque_bw_hz": 100.0,
  "encoder_filter_bw_hz": 100.0,
  "encoder_filter_kp": 1256.6370614359173,
  "encoder_filter_ki": 394784.17604357435,
  "v_per_hz": 0.3040259877728097,
  "kv": 98.67577511965253,
  "unwrapped_position_scale": 1.0,
  "motor_position_output_sign": 1.0
}
